This file contains any messages produced by compilers while
running configure, to aid debugging if configure makes a mistake.

It was created by bashm configure 1.0, which was
generated by GNU Autoconf 2.68.  Invocation command line was

  $ ./configure 

## --------- ##
## Platform. ##
## --------- ##

hostname = SVRB00701
uname -m = x86_64
uname -r = 3.2.0-58-generic
uname -s = Linux
uname -v = #88-Ubuntu SMP Tue Dec 3 17:37:58 UTC 2013

/usr/bin/uname -p = unknown
/bin/uname -X     = unknown

/bin/arch              = unknown
/usr/bin/arch -k       = unknown
/usr/convex/getsysinfo = unknown
/usr/bin/hostinfo      = unknown
/bin/machine           = unknown
/usr/bin/oslevel       = unknown
/bin/universe          = unknown

PATH: /usr/lib/lightdm/lightdm
PATH: /usr/local/sbin
PATH: /usr/local/bin
PATH: /usr/sbin
PATH: /usr/bin
PATH: /sbin
PATH: /bin
PATH: /usr/games
PATH: /home/florian/environment//code/shell/admin_tools
PATH: /home/florian/environment//code/shell/admin_tools
PATH: /home/florian/environment//code/shell/admin_tools


## ----------- ##
## Core tests. ##
## ----------- ##

configure:2160: checking for a BSD-compatible install
configure:2228: result: /usr/bin/install -c
configure:2239: checking whether build environment is sane
configure:2289: result: yes
configure:2430: checking for a thread-safe mkdir -p
configure:2469: result: /bin/mkdir -p
configure:2482: checking for gawk
configure:2498: found /usr/bin/gawk
configure:2509: result: gawk
configure:2520: checking whether make sets $(MAKE)
configure:2542: result: yes
configure:2671: checking for gcc
configure:2687: found /usr/bin/gcc
configure:2698: result: gcc
configure:2927: checking for C compiler version
configure:2936: gcc --version >&5
gcc (Ubuntu/Linaro 4.6.3-1ubuntu5) 4.6.3
Copyright (C) 2011 Free Software Foundation, Inc.
This is free software; see the source for copying conditions.  There is NO
warranty; not even for MERCHANTABILITY or FITNESS FOR A PARTICULAR PURPOSE.

configure:2947: $? = 0
configure:2936: gcc -v >&5
Using built-in specs.
COLLECT_GCC=gcc
COLLECT_LTO_WRAPPER=/usr/lib/gcc/x86_64-linux-gnu/4.6/lto-wrapper
Target: x86_64-linux-gnu
Configured with: ../src/configure -v --with-pkgversion='Ubuntu/Linaro 4.6.3-1ubuntu5' --with-bugurl=file:///usr/share/doc/gcc-4.6/README.Bugs --enable-languages=c,c++,fortran,objc,obj-c++ --prefix=/usr --program-suffix=-4.6 --enable-shared --enable-linker-build-id --with-system-zlib --libexecdir=/usr/lib --without-included-gettext --enable-threads=posix --with-gxx-include-dir=/usr/include/c++/4.6 --libdir=/usr/lib --enable-nls --with-sysroot=/ --enable-clocale=gnu --enable-libstdcxx-debug --enable-libstdcxx-time=yes --enable-gnu-unique-object --enable-plugin --enable-objc-gc --disable-werror --with-arch-32=i686 --with-tune=generic --enable-checking=release --build=x86_64-linux-gnu --host=x86_64-linux-gnu --target=x86_64-linux-gnu
Thread model: posix
gcc version 4.6.3 (Ubuntu/Linaro 4.6.3-1ubuntu5) 
configure:2947: $? = 0
configure:2936: gcc -V >&5
gcc: error: unrecognized option '-V'
gcc: fatal error: no input files
compilation terminated.
configure:2947: $? = 4
configure:2936: gcc -qversion >&5
gcc: error: unrecognized option '-qversion'
gcc: fatal error: no input files
compilation terminated.
configure:2947: $? = 4
configure:2967: checking whether the C compiler works
configure:2989: gcc    conftest.c  >&5
configure:2993: $? = 0
configure:3041: result: yes
configure:3044: checking for C compiler default output file name
configure:3046: result: a.out
configure:3052: checking for suffix of executables
configure:3059: gcc -o conftest    conftest.c  >&5
configure:3063: $? = 0
configure:3085: result: 
configure:3107: checking whether we are cross compiling
configure:3115: gcc -o conftest    conftest.c  >&5
configure:3119: $? = 0
configure:3126: ./conftest
configure:3130: $? = 0
configure:3145: result: no
configure:3150: checking for suffix of object files
configure:3172: gcc -c   conftest.c >&5
configure:3176: $? = 0
configure:3197: result: o
configure:3201: checking whether we are using the GNU C compiler
configure:3220: gcc -c   conftest.c >&5
configure:3220: $? = 0
configure:3229: result: yes
configure:3238: checking whether gcc accepts -g
configure:3258: gcc -c -g  conftest.c >&5
configure:3258: $? = 0
configure:3299: result: yes
configure:3316: checking for gcc option to accept ISO C89
configure:3380: gcc  -c -g -O2  conftest.c >&5
configure:3380: $? = 0
configure:3393: result: none needed
configure:3424: checking for style of include used by make
configure:3452: result: GNU
configure:3478: checking dependency style of gcc
configure:3589: result: gcc3
configure:3606: checking for pow in -lm
configure:3631: gcc -o conftest -g -O2   conftest.c -lm   >&5
conftest.c:18:6: warning: conflicting types for built-in function 'pow' [enabled by default]
configure:3631: $? = 0
configure:3640: result: yes
configure:3657: checking how to run the C preprocessor
configure:3688: gcc -E  conftest.c
configure:3688: $? = 0
configure:3702: gcc -E  conftest.c
conftest.c:12:28: fatal error: ac_nonexistent.h: No such file or directory
compilation terminated.
configure:3702: $? = 1
configure: failed program was:
| /* confdefs.h */
| #define PACKAGE_NAME "bashm"
| #define PACKAGE_TARNAME "bashm"
| #define PACKAGE_VERSION "1.0"
| #define PACKAGE_STRING "bashm 1.0"
| #define PACKAGE_BUGREPORT "mayer.florian@web.de"
| #define PACKAGE_URL ""
| #define PACKAGE "bashm"
| #define VERSION "1.0"
| #define HAVE_LIBM 1
| /* end confdefs.h.  */
| #include <ac_nonexistent.h>
configure:3727: result: gcc -E
configure:3747: gcc -E  conftest.c
configure:3747: $? = 0
configure:3761: gcc -E  conftest.c
conftest.c:12:28: fatal error: ac_nonexistent.h: No such file or directory
compilation terminated.
configure:3761: $? = 1
configure: failed program was:
| /* confdefs.h */
| #define PACKAGE_NAME "bashm"
| #define PACKAGE_TARNAME "bashm"
| #define PACKAGE_VERSION "1.0"
| #define PACKAGE_STRING "bashm 1.0"
| #define PACKAGE_BUGREPORT "mayer.florian@web.de"
| #define PACKAGE_URL ""
| #define PACKAGE "bashm"
| #define VERSION "1.0"
| #define HAVE_LIBM 1
| /* end confdefs.h.  */
| #include <ac_nonexistent.h>
configure:3790: checking for grep that handles long lines and -e
configure:3848: result: /bin/grep
configure:3853: checking for egrep
configure:3915: result: /bin/grep -E
configure:3920: checking for ANSI C header files
configure:3940: gcc -c -g -O2  conftest.c >&5
configure:3940: $? = 0
configure:4013: gcc -o conftest -g -O2   conftest.c -lm  >&5
configure:4013: $? = 0
configure:4013: ./conftest
configure:4013: $? = 0
configure:4024: result: yes
configure:4037: checking for sys/types.h
configure:4037: gcc -c -g -O2  conftest.c >&5
configure:4037: $? = 0
configure:4037: result: yes
configure:4037: checking for sys/stat.h
configure:4037: gcc -c -g -O2  conftest.c >&5
configure:4037: $? = 0
configure:4037: result: yes
configure:4037: checking for stdlib.h
configure:4037: gcc -c -g -O2  conftest.c >&5
configure:4037: $? = 0
configure:4037: result: yes
configure:4037: checking for string.h
configure:4037: gcc -c -g -O2  conftest.c >&5
configure:4037: $? = 0
configure:4037: result: yes
configure:4037: checking for memory.h
configure:4037: gcc -c -g -O2  conftest.c >&5
configure:4037: $? = 0
configure:4037: result: yes
configure:4037: checking for strings.h
configure:4037: gcc -c -g -O2  conftest.c >&5
configure:4037: $? = 0
configure:4037: result: yes
configure:4037: checking for inttypes.h
configure:4037: gcc -c -g -O2  conftest.c >&5
configure:4037: $? = 0
configure:4037: result: yes
configure:4037: checking for stdint.h
configure:4037: gcc -c -g -O2  conftest.c >&5
configure:4037: $? = 0
configure:4037: result: yes
configure:4037: checking for unistd.h
configure:4037: gcc -c -g -O2  conftest.c >&5
configure:4037: $? = 0
configure:4037: result: yes
configure:4052: checking stdlib.h, usability
configure:4052: gcc -c -g -O2  conftest.c >&5
conftest.c:55:21: fatal error: stdlib.h,: No such file or directory
compilation terminated.
configure:4052: $? = 1
configure: failed program was:
| /* confdefs.h */
| #define PACKAGE_NAME "bashm"
| #define PACKAGE_TARNAME "bashm"
| #define PACKAGE_VERSION "1.0"
| #define PACKAGE_STRING "bashm 1.0"
| #define PACKAGE_BUGREPORT "mayer.florian@web.de"
| #define PACKAGE_URL ""
| #define PACKAGE "bashm"
| #define VERSION "1.0"
| #define HAVE_LIBM 1
| #define STDC_HEADERS 1
| #define HAVE_SYS_TYPES_H 1
| #define HAVE_SYS_STAT_H 1
| #define HAVE_STDLIB_H 1
| #define HAVE_STRING_H 1
| #define HAVE_MEMORY_H 1
| #define HAVE_STRINGS_H 1
| #define HAVE_INTTYPES_H 1
| #define HAVE_STDINT_H 1
| #define HAVE_UNISTD_H 1
| /* end confdefs.h.  */
| #include <stdio.h>
| #ifdef HAVE_SYS_TYPES_H
| # include <sys/types.h>
| #endif
| #ifdef HAVE_SYS_STAT_H
| # include <sys/stat.h>
| #endif
| #ifdef STDC_HEADERS
| # include <stdlib.h>
| # include <stddef.h>
| #else
| # ifdef HAVE_STDLIB_H
| #  include <stdlib.h>
| # endif
| #endif
| #ifdef HAVE_STRING_H
| # if !defined STDC_HEADERS && defined HAVE_MEMORY_H
| #  include <memory.h>
| # endif
| # include <string.h>
| #endif
| #ifdef HAVE_STRINGS_H
| # include <strings.h>
| #endif
| #ifdef HAVE_INTTYPES_H
| # include <inttypes.h>
| #endif
| #ifdef HAVE_STDINT_H
| # include <stdint.h>
| #endif
| #ifdef HAVE_UNISTD_H
| # include <unistd.h>
| #endif
| #include <stdlib.h,>
configure:4052: result: no
configure:4052: checking stdlib.h, presence
configure:4052: gcc -E  conftest.c
conftest.c:22:21: fatal error: stdlib.h,: No such file or directory
compilation terminated.
configure:4052: $? = 1
configure: failed program was:
| /* confdefs.h */
| #define PACKAGE_NAME "bashm"
| #define PACKAGE_TARNAME "bashm"
| #define PACKAGE_VERSION "1.0"
| #define PACKAGE_STRING "bashm 1.0"
| #define PACKAGE_BUGREPORT "mayer.florian@web.de"
| #define PACKAGE_URL ""
| #define PACKAGE "bashm"
| #define VERSION "1.0"
| #define HAVE_LIBM 1
| #define STDC_HEADERS 1
| #define HAVE_SYS_TYPES_H 1
| #define HAVE_SYS_STAT_H 1
| #define HAVE_STDLIB_H 1
| #define HAVE_STRING_H 1
| #define HAVE_MEMORY_H 1
| #define HAVE_STRINGS_H 1
| #define HAVE_INTTYPES_H 1
| #define HAVE_STDINT_H 1
| #define HAVE_UNISTD_H 1
| /* end confdefs.h.  */
| #include <stdlib.h,>
configure:4052: result: no
configure:4052: checking for stdlib.h,
configure:4052: result: no
configure:4052: checking unistd.h, usability
configure:4052: gcc -c -g -O2  conftest.c >&5
conftest.c:55:21: fatal error: unistd.h,: No such file or directory
compilation terminated.
configure:4052: $? = 1
configure: failed program was:
| /* confdefs.h */
| #define PACKAGE_NAME "bashm"
| #define PACKAGE_TARNAME "bashm"
| #define PACKAGE_VERSION "1.0"
| #define PACKAGE_STRING "bashm 1.0"
| #define PACKAGE_BUGREPORT "mayer.florian@web.de"
| #define PACKAGE_URL ""
| #define PACKAGE "bashm"
| #define VERSION "1.0"
| #define HAVE_LIBM 1
| #define STDC_HEADERS 1
| #define HAVE_SYS_TYPES_H 1
| #define HAVE_SYS_STAT_H 1
| #define HAVE_STDLIB_H 1
| #define HAVE_STRING_H 1
| #define HAVE_MEMORY_H 1
| #define HAVE_STRINGS_H 1
| #define HAVE_INTTYPES_H 1
| #define HAVE_STDINT_H 1
| #define HAVE_UNISTD_H 1
| /* end confdefs.h.  */
| #include <stdio.h>
| #ifdef HAVE_SYS_TYPES_H
| # include <sys/types.h>
| #endif
| #ifdef HAVE_SYS_STAT_H
| # include <sys/stat.h>
| #endif
| #ifdef STDC_HEADERS
| # include <stdlib.h>
| # include <stddef.h>
| #else
| # ifdef HAVE_STDLIB_H
| #  include <stdlib.h>
| # endif
| #endif
| #ifdef HAVE_STRING_H
| # if !defined STDC_HEADERS && defined HAVE_MEMORY_H
| #  include <memory.h>
| # endif
| # include <string.h>
| #endif
| #ifdef HAVE_STRINGS_H
| # include <strings.h>
| #endif
| #ifdef HAVE_INTTYPES_H
| # include <inttypes.h>
| #endif
| #ifdef HAVE_STDINT_H
| # include <stdint.h>
| #endif
| #ifdef HAVE_UNISTD_H
| # include <unistd.h>
| #endif
| #include <unistd.h,>
configure:4052: result: no
configure:4052: checking unistd.h, presence
configure:4052: gcc -E  conftest.c
conftest.c:22:21: fatal error: unistd.h,: No such file or directory
compilation terminated.
configure:4052: $? = 1
configure: failed program was:
| /* confdefs.h */
| #define PACKAGE_NAME "bashm"
| #define PACKAGE_TARNAME "bashm"
| #define PACKAGE_VERSION "1.0"
| #define PACKAGE_STRING "bashm 1.0"
| #define PACKAGE_BUGREPORT "mayer.florian@web.de"
| #define PACKAGE_URL ""
| #define PACKAGE "bashm"
| #define VERSION "1.0"
| #define HAVE_LIBM 1
| #define STDC_HEADERS 1
| #define HAVE_SYS_TYPES_H 1
| #define HAVE_SYS_STAT_H 1
| #define HAVE_STDLIB_H 1
| #define HAVE_STRING_H 1
| #define HAVE_MEMORY_H 1
| #define HAVE_STRINGS_H 1
| #define HAVE_INTTYPES_H 1
| #define HAVE_STDINT_H 1
| #define HAVE_UNISTD_H 1
| /* end confdefs.h.  */
| #include <unistd.h,>
configure:4052: result: no
configure:4052: checking for unistd.h,
configure:4052: result: no
configure:4052: checking math.h, usability
configure:4052: gcc -c -g -O2  conftest.c >&5
conftest.c:55:19: fatal error: math.h,: No such file or directory
compilation terminated.
configure:4052: $? = 1
configure: failed program was:
| /* confdefs.h */
| #define PACKAGE_NAME "bashm"
| #define PACKAGE_TARNAME "bashm"
| #define PACKAGE_VERSION "1.0"
| #define PACKAGE_STRING "bashm 1.0"
| #define PACKAGE_BUGREPORT "mayer.florian@web.de"
| #define PACKAGE_URL ""
| #define PACKAGE "bashm"
| #define VERSION "1.0"
| #define HAVE_LIBM 1
| #define STDC_HEADERS 1
| #define HAVE_SYS_TYPES_H 1
| #define HAVE_SYS_STAT_H 1
| #define HAVE_STDLIB_H 1
| #define HAVE_STRING_H 1
| #define HAVE_MEMORY_H 1
| #define HAVE_STRINGS_H 1
| #define HAVE_INTTYPES_H 1
| #define HAVE_STDINT_H 1
| #define HAVE_UNISTD_H 1
| /* end confdefs.h.  */
| #include <stdio.h>
| #ifdef HAVE_SYS_TYPES_H
| # include <sys/types.h>
| #endif
| #ifdef HAVE_SYS_STAT_H
| # include <sys/stat.h>
| #endif
| #ifdef STDC_HEADERS
| # include <stdlib.h>
| # include <stddef.h>
| #else
| # ifdef HAVE_STDLIB_H
| #  include <stdlib.h>
| # endif
| #endif
| #ifdef HAVE_STRING_H
| # if !defined STDC_HEADERS && defined HAVE_MEMORY_H
| #  include <memory.h>
| # endif
| # include <string.h>
| #endif
| #ifdef HAVE_STRINGS_H
| # include <strings.h>
| #endif
| #ifdef HAVE_INTTYPES_H
| # include <inttypes.h>
| #endif
| #ifdef HAVE_STDINT_H
| # include <stdint.h>
| #endif
| #ifdef HAVE_UNISTD_H
| # include <unistd.h>
| #endif
| #include <math.h,>
configure:4052: result: no
configure:4052: checking math.h, presence
configure:4052: gcc -E  conftest.c
conftest.c:22:19: fatal error: math.h,: No such file or directory
compilation terminated.
configure:4052: $? = 1
configure: failed program was:
| /* confdefs.h */
| #define PACKAGE_NAME "bashm"
| #define PACKAGE_TARNAME "bashm"
| #define PACKAGE_VERSION "1.0"
| #define PACKAGE_STRING "bashm 1.0"
| #define PACKAGE_BUGREPORT "mayer.florian@web.de"
| #define PACKAGE_URL ""
| #define PACKAGE "bashm"
| #define VERSION "1.0"
| #define HAVE_LIBM 1
| #define STDC_HEADERS 1
| #define HAVE_SYS_TYPES_H 1
| #define HAVE_SYS_STAT_H 1
| #define HAVE_STDLIB_H 1
| #define HAVE_STRING_H 1
| #define HAVE_MEMORY_H 1
| #define HAVE_STRINGS_H 1
| #define HAVE_INTTYPES_H 1
| #define HAVE_STDINT_H 1
| #define HAVE_UNISTD_H 1
| /* end confdefs.h.  */
| #include <math.h,>
configure:4052: result: no
configure:4052: checking for math.h,
configure:4052: result: no
configure:4052: checking sys/ipc.h usability
configure:4052: gcc -c -g -O2  conftest.c >&5
configure:4052: $? = 0
configure:4052: result: yes
configure:4052: checking sys/ipc.h presence
configure:4052: gcc -E  conftest.c
configure:4052: $? = 0
configure:4052: result: yes
configure:4052: checking for sys/ipc.h
configure:4052: result: yes
configure:4052: checking sys/types, usability
configure:4052: gcc -c -g -O2  conftest.c >&5
conftest.c:56:22: fatal error: sys/types,: No such file or directory
compilation terminated.
configure:4052: $? = 1
configure: failed program was:
| /* confdefs.h */
| #define PACKAGE_NAME "bashm"
| #define PACKAGE_TARNAME "bashm"
| #define PACKAGE_VERSION "1.0"
| #define PACKAGE_STRING "bashm 1.0"
| #define PACKAGE_BUGREPORT "mayer.florian@web.de"
| #define PACKAGE_URL ""
| #define PACKAGE "bashm"
| #define VERSION "1.0"
| #define HAVE_LIBM 1
| #define STDC_HEADERS 1
| #define HAVE_SYS_TYPES_H 1
| #define HAVE_SYS_STAT_H 1
| #define HAVE_STDLIB_H 1
| #define HAVE_STRING_H 1
| #define HAVE_MEMORY_H 1
| #define HAVE_STRINGS_H 1
| #define HAVE_INTTYPES_H 1
| #define HAVE_STDINT_H 1
| #define HAVE_UNISTD_H 1
| #define HAVE_SYS_IPC_H 1
| /* end confdefs.h.  */
| #include <stdio.h>
| #ifdef HAVE_SYS_TYPES_H
| # include <sys/types.h>
| #endif
| #ifdef HAVE_SYS_STAT_H
| # include <sys/stat.h>
| #endif
| #ifdef STDC_HEADERS
| # include <stdlib.h>
| # include <stddef.h>
| #else
| # ifdef HAVE_STDLIB_H
| #  include <stdlib.h>
| # endif
| #endif
| #ifdef HAVE_STRING_H
| # if !defined STDC_HEADERS && defined HAVE_MEMORY_H
| #  include <memory.h>
| # endif
| # include <string.h>
| #endif
| #ifdef HAVE_STRINGS_H
| # include <strings.h>
| #endif
| #ifdef HAVE_INTTYPES_H
| # include <inttypes.h>
| #endif
| #ifdef HAVE_STDINT_H
| # include <stdint.h>
| #endif
| #ifdef HAVE_UNISTD_H
| # include <unistd.h>
| #endif
| #include <sys/types,>
configure:4052: result: no
configure:4052: checking sys/types, presence
configure:4052: gcc -E  conftest.c
conftest.c:23:22: fatal error: sys/types,: No such file or directory
compilation terminated.
configure:4052: $? = 1
configure: failed program was:
| /* confdefs.h */
| #define PACKAGE_NAME "bashm"
| #define PACKAGE_TARNAME "bashm"
| #define PACKAGE_VERSION "1.0"
| #define PACKAGE_STRING "bashm 1.0"
| #define PACKAGE_BUGREPORT "mayer.florian@web.de"
| #define PACKAGE_URL ""
| #define PACKAGE "bashm"
| #define VERSION "1.0"
| #define HAVE_LIBM 1
| #define STDC_HEADERS 1
| #define HAVE_SYS_TYPES_H 1
| #define HAVE_SYS_STAT_H 1
| #define HAVE_STDLIB_H 1
| #define HAVE_STRING_H 1
| #define HAVE_MEMORY_H 1
| #define HAVE_STRINGS_H 1
| #define HAVE_INTTYPES_H 1
| #define HAVE_STDINT_H 1
| #define HAVE_UNISTD_H 1
| #define HAVE_SYS_IPC_H 1
| /* end confdefs.h.  */
| #include <sys/types,>
configure:4052: result: no
configure:4052: checking for sys/types,
configure:4052: result: no
configure:4052: checking sys/shm.h usability
configure:4052: gcc -c -g -O2  conftest.c >&5
configure:4052: $? = 0
configure:4052: result: yes
configure:4052: checking sys/shm.h presence
configure:4052: gcc -E  conftest.c
configure:4052: $? = 0
configure:4052: result: yes
configure:4052: checking for sys/shm.h
configure:4052: result: yes
configure:4065: checking string.h, usability
configure:4065: gcc -c -g -O2  conftest.c >&5
conftest.c:57:21: fatal error: string.h,: No such file or directory
compilation terminated.
configure:4065: $? = 1
configure: failed program was:
| /* confdefs.h */
| #define PACKAGE_NAME "bashm"
| #define PACKAGE_TARNAME "bashm"
| #define PACKAGE_VERSION "1.0"
| #define PACKAGE_STRING "bashm 1.0"
| #define PACKAGE_BUGREPORT "mayer.florian@web.de"
| #define PACKAGE_URL ""
| #define PACKAGE "bashm"
| #define VERSION "1.0"
| #define HAVE_LIBM 1
| #define STDC_HEADERS 1
| #define HAVE_SYS_TYPES_H 1
| #define HAVE_SYS_STAT_H 1
| #define HAVE_STDLIB_H 1
| #define HAVE_STRING_H 1
| #define HAVE_MEMORY_H 1
| #define HAVE_STRINGS_H 1
| #define HAVE_INTTYPES_H 1
| #define HAVE_STDINT_H 1
| #define HAVE_UNISTD_H 1
| #define HAVE_SYS_IPC_H 1
| #define HAVE_SYS_SHM_H 1
| /* end confdefs.h.  */
| #include <stdio.h>
| #ifdef HAVE_SYS_TYPES_H
| # include <sys/types.h>
| #endif
| #ifdef HAVE_SYS_STAT_H
| # include <sys/stat.h>
| #endif
| #ifdef STDC_HEADERS
| # include <stdlib.h>
| # include <stddef.h>
| #else
| # ifdef HAVE_STDLIB_H
| #  include <stdlib.h>
| # endif
| #endif
| #ifdef HAVE_STRING_H
| # if !defined STDC_HEADERS && defined HAVE_MEMORY_H
| #  include <memory.h>
| # endif
| # include <string.h>
| #endif
| #ifdef HAVE_STRINGS_H
| # include <strings.h>
| #endif
| #ifdef HAVE_INTTYPES_H
| # include <inttypes.h>
| #endif
| #ifdef HAVE_STDINT_H
| # include <stdint.h>
| #endif
| #ifdef HAVE_UNISTD_H
| # include <unistd.h>
| #endif
| #include <string.h,>
configure:4065: result: no
configure:4065: checking string.h, presence
configure:4065: gcc -E  conftest.c
conftest.c:24:21: fatal error: string.h,: No such file or directory
compilation terminated.
configure:4065: $? = 1
configure: failed program was:
| /* confdefs.h */
| #define PACKAGE_NAME "bashm"
| #define PACKAGE_TARNAME "bashm"
| #define PACKAGE_VERSION "1.0"
| #define PACKAGE_STRING "bashm 1.0"
| #define PACKAGE_BUGREPORT "mayer.florian@web.de"
| #define PACKAGE_URL ""
| #define PACKAGE "bashm"
| #define VERSION "1.0"
| #define HAVE_LIBM 1
| #define STDC_HEADERS 1
| #define HAVE_SYS_TYPES_H 1
| #define HAVE_SYS_STAT_H 1
| #define HAVE_STDLIB_H 1
| #define HAVE_STRING_H 1
| #define HAVE_MEMORY_H 1
| #define HAVE_STRINGS_H 1
| #define HAVE_INTTYPES_H 1
| #define HAVE_STDINT_H 1
| #define HAVE_UNISTD_H 1
| #define HAVE_SYS_IPC_H 1
| #define HAVE_SYS_SHM_H 1
| /* end confdefs.h.  */
| #include <string.h,>
configure:4065: result: no
configure:4065: checking for string.h,
configure:4065: result: no
configure:4065: checking getopt.h usability
configure:4065: gcc -c -g -O2  conftest.c >&5
configure:4065: $? = 0
configure:4065: result: yes
configure:4065: checking getopt.h presence
configure:4065: gcc -E  conftest.c
configure:4065: $? = 0
configure:4065: result: yes
configure:4065: checking for getopt.h
configure:4065: result: yes
configure:4078: checking for stdlib.h
configure:4078: result: yes
configure:4088: checking for GNU libc compatible realloc
configure:4112: gcc -o conftest -g -O2   conftest.c -lm  >&5
configure:4112: $? = 0
configure:4112: ./conftest
configure:4112: $? = 0
configure:4122: result: yes
configure:4145: checking for stdlib.h
configure:4145: result: yes
configure:4155: checking for GNU libc compatible malloc
configure:4179: gcc -o conftest -g -O2   conftest.c -lm  >&5
configure:4179: $? = 0
configure:4179: ./conftest
configure:4179: $? = 0
configure:4189: result: yes
configure:4212: checking for pow
configure:4212: gcc -o conftest -g -O2   conftest.c -lm  >&5
conftest.c:52:6: warning: conflicting types for built-in function 'pow' [enabled by default]
configure:4212: $? = 0
configure:4212: result: yes
configure:4391: creating ./config.status

## ---------------------- ##
## Running config.status. ##
## ---------------------- ##

This file was extended by bashm config.status 1.0, which was
generated by GNU Autoconf 2.68.  Invocation command line was

  CONFIG_FILES    = 
  CONFIG_HEADERS  = 
  CONFIG_LINKS    = 
  CONFIG_COMMANDS = 
  $ ./config.status 

on SVRB00701

config.status:785: creating Makefile
config.status:957: executing depfiles commands

## ---------------- ##
## Cache variables. ##
## ---------------- ##

ac_cv_c_compiler_gnu=yes
ac_cv_env_CC_set=
ac_cv_env_CC_value=
ac_cv_env_CFLAGS_set=
ac_cv_env_CFLAGS_value=
ac_cv_env_CPPFLAGS_set=
ac_cv_env_CPPFLAGS_value=
ac_cv_env_CPP_set=
ac_cv_env_CPP_value=
ac_cv_env_LDFLAGS_set=
ac_cv_env_LDFLAGS_value=
ac_cv_env_LIBS_set=
ac_cv_env_LIBS_value=
ac_cv_env_build_alias_set=
ac_cv_env_build_alias_value=
ac_cv_env_host_alias_set=
ac_cv_env_host_alias_value=
ac_cv_env_target_alias_set=
ac_cv_env_target_alias_value=
ac_cv_func_malloc_0_nonnull=yes
ac_cv_func_pow=yes
ac_cv_func_realloc_0_nonnull=yes
ac_cv_header_getopt_h=yes
ac_cv_header_inttypes_h=yes
ac_cv_header_math_h_=no
ac_cv_header_memory_h=yes
ac_cv_header_stdc=yes
ac_cv_header_stdint_h=yes
ac_cv_header_stdlib_h=yes
ac_cv_header_stdlib_h_=no
ac_cv_header_string_h=yes
ac_cv_header_string_h_=no
ac_cv_header_strings_h=yes
ac_cv_header_sys_ipc_h=yes
ac_cv_header_sys_shm_h=yes
ac_cv_header_sys_stat_h=yes
ac_cv_header_sys_types_=no
ac_cv_header_sys_types_h=yes
ac_cv_header_unistd_h=yes
ac_cv_header_unistd_h_=no
ac_cv_lib_m_pow=yes
ac_cv_objext=o
ac_cv_path_EGREP='/bin/grep -E'
ac_cv_path_GREP=/bin/grep
ac_cv_path_install='/usr/bin/install -c'
ac_cv_path_mkdir=/bin/mkdir
ac_cv_prog_AWK=gawk
ac_cv_prog_CPP='gcc -E'
ac_cv_prog_ac_ct_CC=gcc
ac_cv_prog_cc_c89=
ac_cv_prog_cc_g=yes
ac_cv_prog_make_make_set=yes
am_cv_CC_dependencies_compiler_type=gcc3

## ----------------- ##
## Output variables. ##
## ----------------- ##

ACLOCAL='${SHELL} /home/florian/environment/code/c/tools/bashm/missing --run aclocal-1.11'
AMDEPBACKSLASH='\'
AMDEP_FALSE='#'
AMDEP_TRUE=''
AMTAR='$${TAR-tar}'
AUTOCONF='${SHELL} /home/florian/environment/code/c/tools/bashm/missing --run autoconf'
AUTOHEADER='${SHELL} /home/florian/environment/code/c/tools/bashm/missing --run autoheader'
AUTOMAKE='${SHELL} /home/florian/environment/code/c/tools/bashm/missing --run automake-1.11'
AWK='gawk'
CC='gcc'
CCDEPMODE='depmode=gcc3'
CFLAGS='-g -O2'
CPP='gcc -E'
CPPFLAGS=''
CYGPATH_W='echo'
DEFS='-DPACKAGE_NAME=\"bashm\" -DPACKAGE_TARNAME=\"bashm\" -DPACKAGE_VERSION=\"1.0\" -DPACKAGE_STRING=\"bashm\ 1.0\" -DPACKAGE_BUGREPORT=\"mayer.florian@web.de\" -DPACKAGE_URL=\"\" -DPACKAGE=\"bashm\" -DVERSION=\"1.0\" -DHAVE_LIBM=1 -DSTDC_HEADERS=1 -DHAVE_SYS_TYPES_H=1 -DHAVE_SYS_STAT_H=1 -DHAVE_STDLIB_H=1 -DHAVE_STRING_H=1 -DHAVE_MEMORY_H=1 -DHAVE_STRINGS_H=1 -DHAVE_INTTYPES_H=1 -DHAVE_STDINT_H=1 -DHAVE_UNISTD_H=1 -DHAVE_SYS_IPC_H=1 -DHAVE_SYS_SHM_H=1 -DHAVE_GETOPT_H=1 -DHAVE_STDLIB_H=1 -DHAVE_REALLOC=1 -DHAVE_STDLIB_H=1 -DHAVE_MALLOC=1 -DHAVE_POW=1'
DEPDIR='.deps'
ECHO_C=''
ECHO_N='-n'
ECHO_T=''
EGREP='/bin/grep -E'
EXEEXT=''
GREP='/bin/grep'
INSTALL_DATA='${INSTALL} -m 644'
INSTALL_PROGRAM='${INSTALL}'
INSTALL_SCRIPT='${INSTALL}'
INSTALL_STRIP_PROGRAM='$(install_sh) -c -s'
LDFLAGS=''
LIBOBJS=''
LIBS='-lm '
LTLIBOBJS=''
MAKEINFO='${SHELL} /home/florian/environment/code/c/tools/bashm/missing --run makeinfo'
MKDIR_P='/bin/mkdir -p'
OBJEXT='o'
PACKAGE='bashm'
PACKAGE_BUGREPORT='mayer.florian@web.de'
PACKAGE_NAME='bashm'
PACKAGE_STRING='bashm 1.0'
PACKAGE_TARNAME='bashm'
PACKAGE_URL=''
PACKAGE_VERSION='1.0'
PATH_SEPARATOR=':'
SET_MAKE=''
SHELL='/bin/bash'
STRIP=''
VERSION='1.0'
ac_ct_CC='gcc'
am__EXEEXT_FALSE=''
am__EXEEXT_TRUE='#'
am__fastdepCC_FALSE='#'
am__fastdepCC_TRUE=''
am__include='include'
am__isrc=''
am__leading_dot='.'
am__nodep='_no'
am__quote=''
am__tar='$${TAR-tar} chof - "$$tardir"'
am__untar='$${TAR-tar} xf -'
bindir='${exec_prefix}/bin'
build_alias=''
datadir='${datarootdir}'
datarootdir='${prefix}/share'
docdir='${datarootdir}/doc/${PACKAGE_TARNAME}'
dvidir='${docdir}'
exec_prefix='${prefix}'
host_alias=''
htmldir='${docdir}'
includedir='${prefix}/include'
infodir='${datarootdir}/info'
install_sh='${SHELL} /home/florian/environment/code/c/tools/bashm/install-sh'
libdir='${exec_prefix}/lib'
libexecdir='${exec_prefix}/libexec'
localedir='${datarootdir}/locale'
localstatedir='${prefix}/var'
mandir='${datarootdir}/man'
mkdir_p='/bin/mkdir -p'
oldincludedir='/usr/include'
pdfdir='${docdir}'
prefix='/usr/local'
program_transform_name='s,x,x,'
psdir='${docdir}'
sbindir='${exec_prefix}/sbin'
sharedstatedir='${prefix}/com'
sysconfdir='${prefix}/etc'
target_alias=''

## ----------- ##
## confdefs.h. ##
## ----------- ##

/* confdefs.h */
#define PACKAGE_NAME "bashm"
#define PACKAGE_TARNAME "bashm"
#define PACKAGE_VERSION "1.0"
#define PACKAGE_STRING "bashm 1.0"
#define PACKAGE_BUGREPORT "mayer.florian@web.de"
#define PACKAGE_URL ""
#define PACKAGE "bashm"
#define VERSION "1.0"
#define HAVE_LIBM 1
#define STDC_HEADERS 1
#define HAVE_SYS_TYPES_H 1
#define HAVE_SYS_STAT_H 1
#define HAVE_STDLIB_H 1
#define HAVE_STRING_H 1
#define HAVE_MEMORY_H 1
#define HAVE_STRINGS_H 1
#define HAVE_INTTYPES_H 1
#define HAVE_STDINT_H 1
#define HAVE_UNISTD_H 1
#define HAVE_SYS_IPC_H 1
#define HAVE_SYS_SHM_H 1
#define HAVE_GETOPT_H 1
#define HAVE_STDLIB_H 1
#define HAVE_REALLOC 1
#define HAVE_STDLIB_H 1
#define HAVE_MALLOC 1
#define HAVE_POW 1

configure: exit 0
